{
  "Cucumber Features": {
    "coverage": {
      "/Users/NMankus/CompSci/431/Project/SaaSquatches/CourseAssignmentSystem-master/app/helpers/application_helper.rb": [
        1,
        null,
        null
      ],
      "/Users/NMankus/CompSci/431/Project/SaaSquatches/CourseAssignmentSystem-master/app/helpers/conflict_checker_helper.rb": [
        null,
        null,
        null,
        1,
        null,
        null,
        null,
        1,
        0,
        0,
        0,
        0,
        0,
        null,
        null,
        null,
        null,
        null,
        null,
        1,
        0,
        0,
        0,
        0,
        0,
        null,
        null,
        null,
        null,
        null,
        null,
        null,
        1,
        0,
        0,
        0,
        0,
        0,
        0,
        0,
        0,
        0,
        null,
        0,
        0,
        0,
        null,
        0,
        0,
        null,
        0,
        null,
        null,
        null,
        null,
        null,
        null,
        null,
        1,
        0,
        0,
        0,
        0,
        0,
        null,
        null,
        null,
        null,
        null,
        null,
        1,
        0,
        0,
        0,
        0,
        0,
        0,
        null,
        null,
        0,
        null,
        0,
        null,
        null,
        null,
        null,
        null,
        1,
        0,
        0,
        0,
        0,
        0,
        null,
        null,
        null,
        null,
        null,
        null,
        1,
        0,
        0,
        0,
        0,
        0,
        null,
        null,
        null,
        null,
        null,
        null,
        null,
        null,
        null,
        null,
        1,
        0,
        0,
        0,
        0,
        0,
        0,
        0,
        null,
        0,
        0,
        0,
        0,
        0,
        0,
        null,
        null,
        null,
        0,
        null,
        null,
        null,
        null,
        null,
        1,
        0,
        0,
        0,
        0,
        0,
        null,
        null,
        null,
        null,
        null,
        null,
        1,
        null,
        0,
        0,
        0,
        null,
        0,
        0,
        null,
        null,
        null,
        null,
        null,
        null,
        null,
        null,
        1,
        0,
        0,
        null,
        0,
        0,
        null,
        0,
        null,
        null,
        null,
        null,
        null,
        null,
        null,
        null
      ],
      "/Users/NMankus/CompSci/431/Project/SaaSquatches/CourseAssignmentSystem-master/app/helpers/conflict_suggestion_helper.rb": [
        1,
        null
      ],
      "/Users/NMankus/CompSci/431/Project/SaaSquatches/CourseAssignmentSystem-master/app/helpers/faculty_page_helper.rb": [
        1,
        null
      ],
      "/Users/NMankus/CompSci/431/Project/SaaSquatches/CourseAssignmentSystem-master/app/helpers/sessions_helper.rb": [
        1,
        null
      ],
      "/Users/NMankus/CompSci/431/Project/SaaSquatches/CourseAssignmentSystem-master/app/helpers/user_helper.rb": [
        1,
        null
      ],
      "/Users/NMankus/CompSci/431/Project/SaaSquatches/CourseAssignmentSystem-master/app/helpers/users_helper.rb": [
        1,
        null
      ],
      "/Users/NMankus/CompSci/431/Project/SaaSquatches/CourseAssignmentSystem-master/app/models/semester.rb": [
        1,
        1,
        1,
        1,
        1,
        1,
        null,
        1,
        null,
        null,
        null,
        null,
        null,
        null,
        null,
        null,
        null,
        null,
        null,
        null,
        null,
        null,
        null,
        null,
        null,
        null,
        null,
        null,
        null,
        null,
        null,
        null,
        null,
        null,
        null,
        null,
        null,
        null,
        null,
        null,
        null,
        null,
        null,
        null,
        null,
        null,
        null,
        null,
        null,
        null,
        null,
        null,
        1,
        0,
        0,
        0,
        0,
        null,
        null,
        null
      ],
      "/Users/NMankus/CompSci/431/Project/SaaSquatches/CourseAssignmentSystem-master/app/models/faculty.rb": [
        1,
        1,
        1,
        1,
        null
      ],
      "/Users/NMankus/CompSci/431/Project/SaaSquatches/CourseAssignmentSystem-master/app/models/course.rb": [
        1,
        1,
        1,
        1,
        null
      ],
      "/Users/NMankus/CompSci/431/Project/SaaSquatches/CourseAssignmentSystem-master/app/models/faculty_course.rb": [
        1,
        1,
        1,
        1,
        1,
        1,
        1,
        null,
        1,
        0,
        null,
        null,
        1,
        0,
        0,
        0,
        0,
        null,
        null,
        null,
        null
      ],
      "/Users/NMankus/CompSci/431/Project/SaaSquatches/CourseAssignmentSystem-master/app/models/user.rb": [
        1,
        1,
        null
      ],
      "/Users/NMankus/CompSci/431/Project/SaaSquatches/CourseAssignmentSystem-master/app/controllers/sessions_controller.rb": [
        1,
        1,
        null,
        null,
        1,
        6,
        6,
        5,
        null,
        null,
        null,
        5,
        5,
        5,
        5,
        5,
        5,
        2,
        2,
        3,
        2,
        2,
        null,
        1,
        1,
        null,
        null,
        null,
        1,
        1,
        null,
        null,
        null,
        null,
        1,
        2,
        2,
        null,
        null
      ],
      "/Users/NMankus/CompSci/431/Project/SaaSquatches/CourseAssignmentSystem-master/app/controllers/application_controller.rb": [
        1,
        null,
        null,
        1,
        1,
        1,
        0,
        0,
        null,
        null,
        null,
        null,
        1,
        null,
        1,
        44,
        null,
        null,
        null,
        null,
        1,
        6,
        2,
        null,
        null,
        1,
        null,
        12,
        null,
        null,
        null
      ],
      "/Users/NMankus/CompSci/431/Project/SaaSquatches/CourseAssignmentSystem-master/app/controllers/users_controller.rb": [
        1,
        1,
        1,
        1,
        null,
        null,
        1,
        null,
        1,
        1,
        1,
        1,
        1,
        null,
        1,
        null,
        1,
        1,
        null,
        0,
        0,
        null,
        null,
        0,
        0,
        null,
        null,
        null,
        null,
        null,
        null,
        null,
        null,
        1,
        1,
        1,
        null,
        null
      ],
      "/Users/NMankus/CompSci/431/Project/SaaSquatches/CourseAssignmentSystem-master/app/controllers/home_page_controller.rb": [
        1,
        1,
        null,
        null,
        1,
        4,
        null,
        null,
        1,
        0,
        null,
        0,
        0,
        0,
        0,
        0,
        0,
        null,
        null,
        null,
        1,
        null,
        0,
        0,
        null,
        0,
        0,
        null,
        null,
        null,
        null,
        null,
        null,
        null,
        1,
        0,
        0,
        null,
        null,
        null,
        1,
        null,
        null,
        1,
        0,
        0,
        null,
        null,
        null,
        1,
        0,
        0,
        0,
        0,
        0,
        null,
        0,
        0,
        0,
        null,
        null,
        0,
        0,
        null,
        0,
        0,
        0,
        0,
        0,
        0,
        0,
        null,
        0,
        0,
        0,
        null,
        null,
        null,
        null,
        null,
        null,
        0,
        0,
        0,
        0,
        0,
        null,
        null,
        0,
        0,
        0,
        0,
        0,
        null,
        null,
        0,
        0,
        0,
        0,
        null,
        0,
        0,
        0,
        0,
        null,
        0,
        0,
        0,
        null,
        null,
        0,
        0,
        0,
        0,
        null,
        0,
        0,
        0,
        0,
        null,
        0,
        0,
        0,
        null,
        null,
        null,
        0,
        null,
        0,
        null,
        null,
        0,
        null,
        null,
        null,
        null,
        0,
        null,
        0,
        null,
        null,
        0,
        null,
        null,
        null,
        0,
        0,
        0,
        0,
        0,
        0,
        0,
        0,
        null,
        0,
        0,
        null,
        null,
        0,
        0,
        null,
        null,
        null,
        null,
        null,
        0,
        0,
        null,
        null,
        null,
        null,
        0,
        0,
        null,
        null,
        null,
        1,
        0,
        0,
        0,
        0,
        0,
        0,
        null,
        null,
        0,
        0,
        0,
        null,
        0,
        0,
        null,
        null,
        null,
        1,
        0,
        null,
        null,
        0,
        0,
        0,
        0,
        0,
        0,
        null,
        null,
        null,
        1,
        null,
        null,
        null,
        0,
        0,
        0,
        0,
        null,
        0,
        0,
        0,
        0,
        null,
        null,
        null
      ],
      "/Users/NMankus/CompSci/431/Project/SaaSquatches/CourseAssignmentSystem-master/app/models/building.rb": [
        1,
        1,
        1,
        1,
        1,
        1,
        null
      ],
      "/Users/NMankus/CompSci/431/Project/SaaSquatches/CourseAssignmentSystem-master/app/models/time_range.rb": [
        1,
        1,
        null
      ],
      "/Users/NMankus/CompSci/431/Project/SaaSquatches/CourseAssignmentSystem-master/app/models/time_slot.rb": [
        1,
        1,
        1,
        1,
        1,
        1,
        null
      ],
      "/Users/NMankus/CompSci/431/Project/SaaSquatches/CourseAssignmentSystem-master/app/models/day_combination.rb": [
        1,
        1,
        1,
        1,
        1,
        1,
        1,
        null
      ],
      "/Users/NMankus/CompSci/431/Project/SaaSquatches/CourseAssignmentSystem-master/app/models/preference.rb": [
        1,
        1,
        1,
        1,
        1,
        1,
        1,
        1,
        null,
        null
      ],
      "/Users/NMankus/CompSci/431/Project/SaaSquatches/CourseAssignmentSystem-master/app/models/faculty_preference.rb": [
        1,
        1,
        1,
        1,
        1,
        1,
        1,
        null
      ],
      "/Users/NMankus/CompSci/431/Project/SaaSquatches/CourseAssignmentSystem-master/app/models/room.rb": [
        1,
        1,
        1,
        1,
        null
      ],
      "/Users/NMankus/CompSci/431/Project/SaaSquatches/CourseAssignmentSystem-master/app/controllers/professor_home_controller.rb": [
        1,
        null,
        1,
        null,
        1,
        4,
        null,
        null,
        null,
        null,
        1,
        null,
        0,
        0,
        0,
        0,
        0,
        null,
        0,
        0,
        0,
        null,
        null,
        0,
        0,
        null,
        0,
        0,
        null,
        0,
        0,
        0,
        0,
        0,
        0,
        0,
        null,
        null,
        0,
        0,
        0,
        0,
        0,
        null,
        null,
        0,
        0,
        0,
        0,
        null,
        0,
        0,
        0,
        0,
        null,
        0,
        0,
        0,
        null,
        null,
        0,
        0,
        0,
        0,
        null,
        0,
        0,
        0,
        0,
        null,
        0,
        0,
        0,
        null,
        null,
        null,
        0,
        null,
        0,
        null,
        null,
        0,
        null,
        null,
        null,
        null,
        0,
        null,
        0,
        null,
        null,
        0,
        null,
        null,
        null,
        0,
        0,
        0,
        0,
        0,
        0,
        0,
        0,
        null,
        0,
        0,
        null,
        null,
        0,
        0,
        null,
        null,
        null,
        null,
        null,
        0,
        0,
        null,
        null,
        null,
        1,
        0,
        null,
        null,
        0,
        0,
        null,
        null,
        1,
        0,
        0,
        null,
        null,
        null,
        null,
        null,
        null
      ]
    },
    "timestamp": 1461716738
  },
  "RSpec": {
    "coverage": {
      "/Users/NMankus/CompSci/431/Project/SaaSquatches/CourseAssignmentSystem-master/app/helpers/application_helper.rb": [
        1,
        null,
        null
      ],
      "/Users/NMankus/CompSci/431/Project/SaaSquatches/CourseAssignmentSystem-master/app/helpers/conflict_checker_helper.rb": [
        null,
        null,
        null,
        1,
        null,
        null,
        null,
        1,
        0,
        0,
        0,
        0,
        0,
        null,
        null,
        null,
        null,
        null,
        null,
        1,
        0,
        0,
        0,
        0,
        0,
        null,
        null,
        null,
        null,
        null,
        null,
        null,
        1,
        0,
        0,
        0,
        0,
        0,
        0,
        0,
        0,
        0,
        null,
        0,
        0,
        0,
        null,
        0,
        0,
        null,
        0,
        null,
        null,
        null,
        null,
        null,
        null,
        null,
        1,
        0,
        0,
        0,
        0,
        0,
        null,
        null,
        null,
        null,
        null,
        null,
        1,
        0,
        0,
        0,
        0,
        0,
        0,
        null,
        null,
        0,
        null,
        0,
        null,
        null,
        null,
        null,
        null,
        1,
        0,
        0,
        0,
        0,
        0,
        null,
        null,
        null,
        null,
        null,
        null,
        1,
        0,
        0,
        0,
        0,
        0,
        null,
        null,
        null,
        null,
        null,
        null,
        null,
        null,
        null,
        null,
        1,
        0,
        0,
        0,
        0,
        0,
        0,
        0,
        null,
        0,
        0,
        0,
        0,
        0,
        0,
        null,
        null,
        null,
        0,
        null,
        null,
        null,
        null,
        null,
        1,
        0,
        0,
        0,
        0,
        0,
        null,
        null,
        null,
        null,
        null,
        null,
        1,
        null,
        0,
        0,
        0,
        null,
        0,
        0,
        null,
        null,
        null,
        null,
        null,
        null,
        null,
        null,
        1,
        0,
        0,
        null,
        0,
        0,
        null,
        0,
        null,
        null,
        null,
        null,
        null,
        null,
        null,
        null
      ],
      "/Users/NMankus/CompSci/431/Project/SaaSquatches/CourseAssignmentSystem-master/app/helpers/conflict_suggestion_helper.rb": [
        1,
        null
      ],
      "/Users/NMankus/CompSci/431/Project/SaaSquatches/CourseAssignmentSystem-master/app/helpers/faculty_page_helper.rb": [
        1,
        null
      ],
      "/Users/NMankus/CompSci/431/Project/SaaSquatches/CourseAssignmentSystem-master/app/helpers/sessions_helper.rb": [
        1,
        null
      ],
      "/Users/NMankus/CompSci/431/Project/SaaSquatches/CourseAssignmentSystem-master/app/helpers/user_helper.rb": [
        1,
        null
      ],
      "/Users/NMankus/CompSci/431/Project/SaaSquatches/CourseAssignmentSystem-master/app/helpers/users_helper.rb": [
        1,
        null
      ],
      "/Users/NMankus/CompSci/431/Project/SaaSquatches/CourseAssignmentSystem-master/app/controllers/class_controller.rb": [
        1,
        1,
        null,
        null,
        null,
        null,
        null,
        null,
        null,
        1,
        2,
        1,
        1,
        1,
        1,
        1,
        1,
        1,
        1,
        1,
        null,
        null,
        null,
        null,
        null,
        1,
        1,
        null,
        null,
        null,
        null,
        null,
        1,
        1,
        1,
        1,
        null,
        null,
        null,
        null,
        null,
        1,
        1,
        1,
        1,
        null,
        null,
        null,
        null,
        null,
        1,
        1,
        1,
        1,
        null,
        null,
        null,
        null,
        null,
        null,
        1,
        1,
        0,
        null,
        1,
        1,
        null,
        1,
        null,
        null,
        null,
        null,
        1,
        1,
        1,
        1,
        1,
        null,
        null,
        null,
        null,
        1,
        1,
        0,
        null,
        1,
        1,
        1,
        1,
        1,
        null,
        1,
        null,
        null,
        null
      ],
      "/Users/NMankus/CompSci/431/Project/SaaSquatches/CourseAssignmentSystem-master/app/controllers/application_controller.rb": [
        1,
        null,
        null,
        1,
        1,
        1,
        2,
        0,
        null,
        null,
        null,
        null,
        1,
        null,
        1,
        34,
        null,
        null,
        null,
        null,
        1,
        0,
        0,
        null,
        null,
        1,
        null,
        34,
        null,
        null,
        null
      ],
      "/Users/NMankus/CompSci/431/Project/SaaSquatches/CourseAssignmentSystem-master/app/controllers/conflict_checker_controller.rb": [
        null,
        null,
        null,
        1,
        1,
        null,
        1,
        null,
        null,
        1,
        null,
        0,
        0,
        0,
        null,
        0,
        null,
        0,
        null,
        0,
        null,
        0,
        null,
        0,
        0,
        0,
        0,
        null,
        0,
        null,
        0,
        0,
        0,
        0,
        0,
        0,
        null,
        0,
        0,
        0,
        0,
        null,
        null,
        0,
        0,
        0,
        0,
        null,
        null,
        null,
        null,
        null,
        null,
        1,
        null,
        0,
        null,
        0,
        0,
        null,
        0,
        null,
        null,
        0,
        null,
        0,
        null,
        0,
        0,
        null,
        0,
        null,
        0,
        null,
        0,
        0,
        0,
        null,
        0,
        0,
        0,
        0,
        0,
        0,
        null,
        0,
        0,
        null,
        0,
        0,
        0,
        null,
        0,
        0,
        null,
        0,
        0,
        null,
        0,
        0,
        null,
        null,
        null,
        null,
        0,
        0,
        null,
        0,
        0,
        null,
        null,
        null,
        null,
        0,
        0,
        null,
        0,
        0,
        null,
        null,
        null,
        null,
        null,
        null,
        null,
        null,
        null,
        0,
        null,
        0,
        0,
        0,
        null,
        null,
        null,
        1,
        0,
        0,
        0,
        null,
        null,
        null,
        null,
        1,
        0,
        0,
        null,
        0,
        null,
        null,
        0,
        null,
        0,
        0,
        null,
        0,
        null,
        0,
        null,
        0,
        0,
        0,
        null,
        0,
        null,
        null,
        0,
        null,
        0,
        null,
        0,
        null,
        0,
        0,
        null,
        null,
        null,
        0,
        null,
        null,
        null,
        null,
        null,
        null
      ],
      "/Users/NMankus/CompSci/431/Project/SaaSquatches/CourseAssignmentSystem-master/app/controllers/conflict_suggestion_controller.rb": [
        1,
        null
      ],
      "/Users/NMankus/CompSci/431/Project/SaaSquatches/CourseAssignmentSystem-master/app/controllers/course_assignments_controller.rb": [
        null,
        null,
        1,
        1,
        1,
        0,
        null,
        1,
        null,
        null,
        null,
        null,
        1,
        0,
        0,
        0,
        0,
        0,
        0,
        0,
        0,
        0,
        0,
        0,
        0,
        0,
        0,
        0,
        0,
        null,
        0,
        0,
        null,
        0,
        0,
        null,
        null,
        0,
        null,
        null,
        null,
        0,
        0,
        null,
        null,
        null,
        null,
        null,
        1,
        0,
        0,
        0,
        0,
        0,
        0,
        0,
        0,
        0,
        0,
        null,
        0,
        0,
        0,
        null,
        0,
        0,
        0,
        null,
        null,
        0,
        0,
        0,
        0,
        0,
        0,
        null,
        0,
        0,
        0,
        0,
        0,
        0,
        0,
        0,
        null,
        0,
        0,
        0,
        null,
        null,
        0,
        0,
        null,
        null,
        null,
        null,
        null,
        1,
        null,
        0,
        0,
        0,
        null,
        0,
        0,
        0,
        0,
        0,
        0,
        0,
        null,
        null,
        0,
        0,
        null,
        null,
        null,
        null,
        null,
        null,
        1,
        0,
        0,
        0,
        0,
        null,
        0,
        null,
        0,
        0,
        null,
        null,
        0,
        0,
        0,
        null,
        null,
        null,
        null,
        null,
        null,
        1,
        0,
        0,
        0,
        null,
        0,
        null,
        null,
        null,
        null,
        null,
        null,
        null,
        1,
        0,
        0,
        0,
        0,
        0,
        0,
        null,
        0,
        0,
        null,
        null,
        0,
        0,
        0,
        0,
        0,
        null,
        0,
        null,
        0,
        0,
        null,
        null,
        null,
        null,
        null,
        null,
        null,
        1,
        0,
        0,
        0,
        0,
        0,
        null,
        0,
        0,
        0,
        null,
        null,
        0,
        0,
        0,
        0,
        0,
        null,
        0,
        null,
        0,
        0,
        null,
        null,
        null,
        null,
        null,
        null,
        null,
        1,
        0,
        0,
        0,
        0,
        0,
        null,
        0,
        0,
        0,
        null,
        null,
        0,
        0,
        0,
        0,
        0,
        null,
        0,
        null,
        0,
        0,
        null,
        null,
        null,
        null,
        null,
        null,
        1,
        0,
        0,
        0,
        0,
        0,
        null,
        null,
        null,
        0,
        null,
        null
      ],
      "/Users/NMankus/CompSci/431/Project/SaaSquatches/CourseAssignmentSystem-master/app/controllers/faculty_courses_controller.rb": [
        null,
        null,
        1,
        1,
        null,
        1,
        0,
        null,
        1,
        0,
        0,
        0,
        0,
        0,
        0,
        0,
        0,
        0,
        0,
        0,
        0,
        0,
        0,
        null,
        0,
        0,
        null,
        0,
        0,
        null,
        0,
        0,
        null,
        0,
        null,
        null,
        null,
        0,
        0,
        null,
        null,
        null,
        null,
        null,
        1,
        0,
        0,
        0,
        0,
        0,
        0,
        0,
        0,
        null,
        0,
        null,
        0,
        null,
        0,
        0,
        null,
        null,
        null,
        null,
        null,
        1,
        0,
        0,
        0,
        null,
        null,
        null,
        null,
        null,
        null,
        null,
        1,
        0,
        0,
        0,
        0,
        0,
        null,
        0,
        0,
        0,
        0,
        null,
        null,
        null
      ],
      "/Users/NMankus/CompSci/431/Project/SaaSquatches/CourseAssignmentSystem-master/app/models/preference.rb": [
        1,
        1,
        1,
        1,
        1,
        1,
        1,
        1,
        null,
        null
      ],
      "/Users/NMankus/CompSci/431/Project/SaaSquatches/CourseAssignmentSystem-master/app/controllers/home_page_controller.rb": [
        1,
        1,
        null,
        null,
        1,
        0,
        null,
        null,
        1,
        1,
        null,
        1,
        1,
        1,
        0,
        0,
        0,
        null,
        null,
        null,
        1,
        null,
        0,
        0,
        null,
        0,
        0,
        null,
        null,
        null,
        null,
        null,
        null,
        null,
        1,
        0,
        0,
        null,
        null,
        null,
        1,
        null,
        null,
        1,
        0,
        0,
        null,
        null,
        null,
        1,
        4,
        2,
        2,
        2,
        2,
        null,
        2,
        38,
        12,
        null,
        null,
        2,
        2,
        null,
        2,
        2,
        2,
        2,
        2,
        2,
        2,
        null,
        2,
        0,
        0,
        null,
        null,
        null,
        null,
        null,
        null,
        2,
        1,
        1,
        2,
        2,
        null,
        null,
        2,
        1,
        1,
        3,
        3,
        null,
        null,
        2,
        2,
        18,
        16,
        null,
        2,
        2,
        2,
        2,
        null,
        2,
        2,
        2,
        null,
        null,
        2,
        2,
        18,
        15,
        null,
        3,
        3,
        3,
        3,
        null,
        3,
        3,
        3,
        null,
        null,
        null,
        2,
        null,
        2,
        null,
        null,
        2,
        null,
        null,
        null,
        null,
        2,
        null,
        1,
        null,
        null,
        2,
        null,
        null,
        null,
        2,
        2,
        2,
        2,
        2,
        2,
        2,
        1,
        null,
        2,
        1,
        null,
        null,
        2,
        2,
        null,
        null,
        null,
        null,
        null,
        0,
        0,
        null,
        null,
        null,
        null,
        2,
        2,
        null,
        null,
        null,
        1,
        0,
        0,
        0,
        0,
        0,
        0,
        null,
        null,
        0,
        0,
        0,
        null,
        0,
        0,
        null,
        null,
        null,
        1,
        1,
        null,
        null,
        1,
        1,
        1,
        1,
        1,
        1,
        null,
        null,
        null,
        1,
        null,
        null,
        null,
        0,
        0,
        0,
        0,
        null,
        0,
        0,
        0,
        0,
        null,
        null,
        null
      ],
      "/Users/NMankus/CompSci/431/Project/SaaSquatches/CourseAssignmentSystem-master/app/controllers/professor_home_controller.rb": [
        1,
        null,
        1,
        null,
        1,
        0,
        null,
        null,
        null,
        null,
        1,
        null,
        2,
        2,
        2,
        2,
        2,
        null,
        2,
        38,
        12,
        null,
        null,
        2,
        2,
        null,
        2,
        2,
        null,
        2,
        2,
        2,
        1,
        1,
        3,
        3,
        null,
        null,
        2,
        1,
        1,
        2,
        2,
        null,
        null,
        2,
        2,
        18,
        15,
        null,
        3,
        3,
        3,
        3,
        null,
        3,
        3,
        3,
        null,
        null,
        2,
        2,
        18,
        16,
        null,
        2,
        2,
        2,
        2,
        null,
        2,
        2,
        2,
        null,
        null,
        null,
        2,
        null,
        1,
        null,
        null,
        2,
        null,
        null,
        null,
        null,
        2,
        null,
        1,
        null,
        null,
        2,
        null,
        null,
        null,
        2,
        2,
        2,
        2,
        2,
        2,
        2,
        1,
        null,
        2,
        1,
        null,
        null,
        2,
        2,
        null,
        null,
        null,
        null,
        null,
        0,
        0,
        null,
        null,
        null,
        1,
        2,
        null,
        null,
        1,
        1,
        null,
        null,
        1,
        0,
        0,
        null,
        null,
        null,
        null,
        null,
        null
      ],
      "/Users/NMankus/CompSci/431/Project/SaaSquatches/CourseAssignmentSystem-master/app/controllers/sessions_controller.rb": [
        1,
        1,
        null,
        null,
        1,
        2,
        2,
        0,
        null,
        null,
        null,
        0,
        0,
        0,
        0,
        0,
        0,
        0,
        0,
        0,
        0,
        0,
        null,
        0,
        0,
        null,
        null,
        null,
        2,
        2,
        null,
        null,
        null,
        null,
        1,
        1,
        1,
        null,
        null
      ],
      "/Users/NMankus/CompSci/431/Project/SaaSquatches/CourseAssignmentSystem-master/app/controllers/users_controller.rb": [
        1,
        1,
        1,
        1,
        null,
        null,
        1,
        null,
        3,
        3,
        3,
        3,
        2,
        null,
        2,
        null,
        2,
        2,
        null,
        1,
        1,
        null,
        null,
        0,
        0,
        null,
        null,
        null,
        null,
        null,
        null,
        null,
        null,
        1,
        1,
        3,
        null,
        null
      ],
      "/Users/NMankus/CompSci/431/Project/SaaSquatches/CourseAssignmentSystem-master/app/models/event.rb": [
        1,
        null,
        1,
        0,
        null,
        null,
        null,
        null,
        null,
        1,
        0,
        null,
        null,
        1,
        null,
        null,
        null,
        null,
        null,
        null,
        null,
        null,
        null,
        0,
        null,
        null
      ],
      "/Users/NMankus/CompSci/431/Project/SaaSquatches/CourseAssignmentSystem-master/app/models/faculty_course.rb": [
        1,
        1,
        1,
        1,
        1,
        1,
        1,
        null,
        1,
        0,
        null,
        null,
        1,
        1,
        0,
        0,
        0,
        null,
        null,
        null,
        null
      ],
      "/Users/NMankus/CompSci/431/Project/SaaSquatches/CourseAssignmentSystem-master/app/models/semester.rb": [
        1,
        1,
        1,
        1,
        1,
        1,
        null,
        1,
        null,
        null,
        null,
        null,
        null,
        null,
        null,
        null,
        null,
        null,
        null,
        null,
        null,
        null,
        null,
        null,
        null,
        null,
        null,
        null,
        null,
        null,
        null,
        null,
        null,
        null,
        null,
        null,
        null,
        null,
        null,
        null,
        null,
        null,
        null,
        null,
        null,
        null,
        null,
        null,
        null,
        null,
        null,
        null,
        1,
        1,
        1,
        42,
        42,
        null,
        null,
        null
      ],
      "/Users/NMankus/CompSci/431/Project/SaaSquatches/CourseAssignmentSystem-master/app/models/user.rb": [
        1,
        1,
        null
      ],
      "/Users/NMankus/CompSci/431/Project/SaaSquatches/CourseAssignmentSystem-master/app/models/classroom_timing.rb": [
        1,
        1,
        1,
        1,
        1,
        null
      ],
      "/Users/NMankus/CompSci/431/Project/SaaSquatches/CourseAssignmentSystem-master/app/models/building.rb": [
        1,
        1,
        1,
        1,
        1,
        1,
        null
      ],
      "/Users/NMankus/CompSci/431/Project/SaaSquatches/CourseAssignmentSystem-master/app/models/room.rb": [
        1,
        1,
        1,
        1,
        null
      ],
      "/Users/NMankus/CompSci/431/Project/SaaSquatches/CourseAssignmentSystem-master/app/models/time_slot.rb": [
        1,
        1,
        1,
        1,
        1,
        1,
        null
      ],
      "/Users/NMankus/CompSci/431/Project/SaaSquatches/CourseAssignmentSystem-master/app/models/day_combination.rb": [
        1,
        1,
        1,
        1,
        1,
        1,
        1,
        null
      ],
      "/Users/NMankus/CompSci/431/Project/SaaSquatches/CourseAssignmentSystem-master/app/models/time_range.rb": [
        1,
        1,
        null
      ],
      "/Users/NMankus/CompSci/431/Project/SaaSquatches/CourseAssignmentSystem-master/app/models/faculty_preference.rb": [
        1,
        1,
        1,
        1,
        1,
        1,
        1,
        null
      ],
      "/Users/NMankus/CompSci/431/Project/SaaSquatches/CourseAssignmentSystem-master/app/models/course.rb": [
        1,
        1,
        1,
        1,
        null
      ],
      "/Users/NMankus/CompSci/431/Project/SaaSquatches/CourseAssignmentSystem-master/app/models/faculty.rb": [
        1,
        1,
        1,
        1,
        null
      ],
      "/Users/NMankus/CompSci/431/Project/SaaSquatches/CourseAssignmentSystem-master/app/models/course_assignment.rb": [
        1,
        1,
        1,
        1,
        1,
        1,
        1,
        null
      ]
    },
    "timestamp": 1461718319
  }
}
